c:\users\fflow\source\repos\internals\internals\release\vc142.pdb
c:\users\fflow\source\repos\internals\internals\release\kiero.obj
c:\users\fflow\source\repos\internals\internals\release\imgui_widgets.obj
c:\users\fflow\source\repos\internals\internals\release\imgui_impl_win32.obj
c:\users\fflow\source\repos\internals\internals\release\imgui_impl_dx9.obj
c:\users\fflow\source\repos\internals\internals\release\imgui_draw.obj
c:\users\fflow\source\repos\internals\internals\release\imgui_demo.obj
c:\users\fflow\source\repos\internals\internals\release\imgui.obj
c:\users\fflow\source\repos\internals\internals\release\hooks.obj
c:\users\fflow\source\repos\internals\internals\release\dllmain.obj
c:\users\fflow\source\repos\internals\internals\release\trampoline.obj
c:\users\fflow\source\repos\internals\internals\release\hook.obj
c:\users\fflow\source\repos\internals\internals\release\hde64.obj
c:\users\fflow\source\repos\internals\internals\release\hde32.obj
c:\users\fflow\source\repos\internals\internals\release\buffer.obj
c:\users\fflow\source\repos\internals\release\internals.dll
c:\users\fflow\source\repos\internals\internals\release\internals.ipdb
c:\users\fflow\source\repos\internals\internals\release\internals.iobj
c:\users\fflow\source\repos\internals\release\internals.pdb
c:\users\fflow\source\repos\internals\internals\release\internals.tlog\cl.command.1.tlog
c:\users\fflow\source\repos\internals\internals\release\internals.tlog\cl.read.1.tlog
c:\users\fflow\source\repos\internals\internals\release\internals.tlog\cl.write.1.tlog
c:\users\fflow\source\repos\internals\internals\release\internals.tlog\link.command.1.tlog
c:\users\fflow\source\repos\internals\internals\release\internals.tlog\link.read.1.tlog
c:\users\fflow\source\repos\internals\internals\release\internals.tlog\link.write.1.tlog
