c:\users\fflow\downloads\2022-2023-main\internal\internal\release\vc142.pdb
c:\users\fflow\downloads\2022-2023-main\internal\internal\release\util.obj
c:\users\fflow\downloads\2022-2023-main\internal\internal\release\flow.obj
c:\users\fflow\downloads\2022-2023-main\internal\internal\release\imgui_widgets.obj
c:\users\fflow\downloads\2022-2023-main\internal\internal\release\imgui_impl_win32.obj
c:\users\fflow\downloads\2022-2023-main\internal\internal\release\imgui_impl_dx9.obj
c:\users\fflow\downloads\2022-2023-main\internal\internal\release\imgui_draw.obj
c:\users\fflow\downloads\2022-2023-main\internal\internal\release\imgui_demo.obj
c:\users\fflow\downloads\2022-2023-main\internal\internal\release\imgui.obj
c:\users\fflow\downloads\2022-2023-main\internal\internal\release\hooks.obj
c:\users\fflow\downloads\2022-2023-main\internal\internal\release\entity.obj
c:\users\fflow\downloads\2022-2023-main\internal\internal\release\draw.obj
c:\users\fflow\downloads\2022-2023-main\internal\internal\release\dllmain.obj
c:\users\fflow\downloads\2022-2023-main\internal\internal\release\trampoline.obj
c:\users\fflow\downloads\2022-2023-main\internal\internal\release\hook.obj
c:\users\fflow\downloads\2022-2023-main\internal\internal\release\hde64.obj
c:\users\fflow\downloads\2022-2023-main\internal\internal\release\hde32.obj
c:\users\fflow\downloads\2022-2023-main\internal\internal\release\buffer.obj
c:\users\fflow\downloads\2022-2023-main\internal\internal\release\internal.tlog\cl.command.1.tlog
c:\users\fflow\downloads\2022-2023-main\internal\internal\release\internal.tlog\cl.read.1.tlog
c:\users\fflow\downloads\2022-2023-main\internal\internal\release\internal.tlog\cl.write.1.tlog
c:\users\fflow\downloads\2022-2023-main\internal\internal\release\internal.tlog\link.command.1.tlog
c:\users\fflow\downloads\2022-2023-main\internal\internal\release\internal.tlog\link.read.1.tlog
c:\users\fflow\downloads\2022-2023-main\internal\internal\release\internal.tlog\link.write.1.tlog
